{
  "/Users/oleksiisuprun/Desktop/Development/tenzies-warmup/src/utils/index.ts": {
    "path": "/Users/oleksiisuprun/Desktop/Development/tenzies-warmup/src/utils/index.ts",
    "statementMap": {
      "0": {
        "start": {
          "line": 5,
          "column": 28
        },
        "end": {
          "line": 9,
          "column": 1
        }
      },
      "1": {
        "start": {
          "line": 10,
          "column": 33
        },
        "end": {
          "line": 10,
          "column": 67
        }
      },
      "2": {
        "start": {
          "line": 10,
          "column": 39
        },
        "end": {
          "line": 10,
          "column": 67
        }
      },
      "3": {
        "start": {
          "line": 11,
          "column": 29
        },
        "end": {
          "line": 17,
          "column": 1
        }
      },
      "4": {
        "start": {
          "line": 12,
          "column": 17
        },
        "end": {
          "line": 12,
          "column": 19
        }
      },
      "5": {
        "start": {
          "line": 13,
          "column": 2
        },
        "end": {
          "line": 15,
          "column": 3
        }
      },
      "6": {
        "start": {
          "line": 13,
          "column": 15
        },
        "end": {
          "line": 13,
          "column": 16
        }
      },
      "7": {
        "start": {
          "line": 14,
          "column": 4
        },
        "end": {
          "line": 14,
          "column": 79
        }
      },
      "8": {
        "start": {
          "line": 16,
          "column": 2
        },
        "end": {
          "line": 16,
          "column": 18
        }
      },
      "9": {
        "start": {
          "line": 18,
          "column": 31
        },
        "end": {
          "line": 26,
          "column": 2
        }
      },
      "10": {
        "start": {
          "line": 18,
          "column": 41
        },
        "end": {
          "line": 26,
          "column": 2
        }
      },
      "11": {
        "start": {
          "line": 19,
          "column": 2
        },
        "end": {
          "line": 24,
          "column": 3
        }
      },
      "12": {
        "start": {
          "line": 20,
          "column": 4
        },
        "end": {
          "line": 23,
          "column": 6
        }
      },
      "13": {
        "start": {
          "line": 25,
          "column": 2
        },
        "end": {
          "line": 25,
          "column": 13
        }
      },
      "14": {
        "start": {
          "line": 27,
          "column": 32
        },
        "end": {
          "line": 27,
          "column": 114
        }
      },
      "15": {
        "start": {
          "line": 27,
          "column": 45
        },
        "end": {
          "line": 27,
          "column": 114
        }
      },
      "16": {
        "start": {
          "line": 28,
          "column": 34
        },
        "end": {
          "line": 32,
          "column": 1
        }
      },
      "17": {
        "start": {
          "line": 29,
          "column": 15
        },
        "end": {
          "line": 29,
          "column": 53
        }
      },
      "18": {
        "start": {
          "line": 30,
          "column": 24
        },
        "end": {
          "line": 30,
          "column": 79
        }
      },
      "19": {
        "start": {
          "line": 31,
          "column": 2
        },
        "end": {
          "line": 31,
          "column": 23
        }
      },
      "20": {
        "start": {
          "line": 33,
          "column": 35
        },
        "end": {
          "line": 41,
          "column": 1
        }
      },
      "21": {
        "start": {
          "line": 34,
          "column": 2
        },
        "end": {
          "line": 40,
          "column": 3
        }
      },
      "22": {
        "start": {
          "line": 35,
          "column": 4
        },
        "end": {
          "line": 35,
          "column": 28
        }
      },
      "23": {
        "start": {
          "line": 36,
          "column": 9
        },
        "end": {
          "line": 40,
          "column": 3
        }
      },
      "24": {
        "start": {
          "line": 37,
          "column": 4
        },
        "end": {
          "line": 37,
          "column": 24
        }
      },
      "25": {
        "start": {
          "line": 39,
          "column": 4
        },
        "end": {
          "line": 39,
          "column": 18
        }
      },
      "26": {
        "start": {
          "line": 42,
          "column": 29
        },
        "end": {
          "line": 62,
          "column": 1
        }
      },
      "27": {
        "start": {
          "line": 43,
          "column": 2
        },
        "end": {
          "line": 60,
          "column": 3
        }
      },
      "28": {
        "start": {
          "line": 45,
          "column": 6
        },
        "end": {
          "line": 46,
          "column": 45
        }
      },
      "29": {
        "start": {
          "line": 46,
          "column": 8
        },
        "end": {
          "line": 46,
          "column": 45
        }
      },
      "30": {
        "start": {
          "line": 47,
          "column": 6
        },
        "end": {
          "line": 48,
          "column": 31
        }
      },
      "31": {
        "start": {
          "line": 48,
          "column": 8
        },
        "end": {
          "line": 48,
          "column": 31
        }
      },
      "32": {
        "start": {
          "line": 49,
          "column": 6
        },
        "end": {
          "line": 49,
          "column": 12
        }
      },
      "33": {
        "start": {
          "line": 51,
          "column": 6
        },
        "end": {
          "line": 52,
          "column": 28
        }
      },
      "34": {
        "start": {
          "line": 52,
          "column": 8
        },
        "end": {
          "line": 52,
          "column": 28
        }
      },
      "35": {
        "start": {
          "line": 53,
          "column": 6
        },
        "end": {
          "line": 54,
          "column": 30
        }
      },
      "36": {
        "start": {
          "line": 54,
          "column": 8
        },
        "end": {
          "line": 54,
          "column": 30
        }
      },
      "37": {
        "start": {
          "line": 55,
          "column": 6
        },
        "end": {
          "line": 56,
          "column": 31
        }
      },
      "38": {
        "start": {
          "line": 56,
          "column": 8
        },
        "end": {
          "line": 56,
          "column": 31
        }
      },
      "39": {
        "start": {
          "line": 57,
          "column": 6
        },
        "end": {
          "line": 57,
          "column": 12
        }
      },
      "40": {
        "start": {
          "line": 59,
          "column": 6
        },
        "end": {
          "line": 59,
          "column": 16
        }
      },
      "41": {
        "start": {
          "line": 61,
          "column": 2
        },
        "end": {
          "line": 61,
          "column": 9
        }
      }
    },
    "fnMap": {
      "0": {
        "name": "(anonymous_0)",
        "decl": {
          "start": {
            "line": 10,
            "column": 33
          },
          "end": {
            "line": 10,
            "column": 34
          }
        },
        "loc": {
          "start": {
            "line": 10,
            "column": 39
          },
          "end": {
            "line": 10,
            "column": 67
          }
        },
        "line": 10
      },
      "1": {
        "name": "(anonymous_1)",
        "decl": {
          "start": {
            "line": 11,
            "column": 29
          },
          "end": {
            "line": 11,
            "column": 30
          }
        },
        "loc": {
          "start": {
            "line": 11,
            "column": 50
          },
          "end": {
            "line": 17,
            "column": 1
          }
        },
        "line": 11
      },
      "2": {
        "name": "(anonymous_2)",
        "decl": {
          "start": {
            "line": 18,
            "column": 31
          },
          "end": {
            "line": 18,
            "column": 32
          }
        },
        "loc": {
          "start": {
            "line": 18,
            "column": 41
          },
          "end": {
            "line": 26,
            "column": 2
          }
        },
        "line": 18
      },
      "3": {
        "name": "(anonymous_3)",
        "decl": {
          "start": {
            "line": 18,
            "column": 50
          },
          "end": {
            "line": 18,
            "column": 51
          }
        },
        "loc": {
          "start": {
            "line": 18,
            "column": 59
          },
          "end": {
            "line": 26,
            "column": 1
          }
        },
        "line": 18
      },
      "4": {
        "name": "(anonymous_4)",
        "decl": {
          "start": {
            "line": 27,
            "column": 32
          },
          "end": {
            "line": 27,
            "column": 33
          }
        },
        "loc": {
          "start": {
            "line": 27,
            "column": 45
          },
          "end": {
            "line": 27,
            "column": 114
          }
        },
        "line": 27
      },
      "5": {
        "name": "(anonymous_5)",
        "decl": {
          "start": {
            "line": 28,
            "column": 34
          },
          "end": {
            "line": 28,
            "column": 35
          }
        },
        "loc": {
          "start": {
            "line": 28,
            "column": 49
          },
          "end": {
            "line": 32,
            "column": 1
          }
        },
        "line": 28
      },
      "6": {
        "name": "(anonymous_6)",
        "decl": {
          "start": {
            "line": 33,
            "column": 35
          },
          "end": {
            "line": 33,
            "column": 36
          }
        },
        "loc": {
          "start": {
            "line": 33,
            "column": 65
          },
          "end": {
            "line": 41,
            "column": 1
          }
        },
        "line": 33
      },
      "7": {
        "name": "(anonymous_7)",
        "decl": {
          "start": {
            "line": 42,
            "column": 29
          },
          "end": {
            "line": 42,
            "column": 30
          }
        },
        "loc": {
          "start": {
            "line": 42,
            "column": 52
          },
          "end": {
            "line": 62,
            "column": 1
          }
        },
        "line": 42
      }
    },
    "branchMap": {
      "0": {
        "loc": {
          "start": {
            "line": 11,
            "column": 30
          },
          "end": {
            "line": 11,
            "column": 45
          }
        },
        "type": "default-arg",
        "locations": [
          {
            "start": {
              "line": 11,
              "column": 43
            },
            "end": {
              "line": 11,
              "column": 45
            }
          }
        ],
        "line": 11
      },
      "1": {
        "loc": {
          "start": {
            "line": 19,
            "column": 2
          },
          "end": {
            "line": 24,
            "column": 3
          }
        },
        "type": "if",
        "locations": [
          {
            "start": {
              "line": 19,
              "column": 2
            },
            "end": {
              "line": 24,
              "column": 3
            }
          },
          {
            "start": {},
            "end": {}
          }
        ],
        "line": 19
      },
      "2": {
        "loc": {
          "start": {
            "line": 34,
            "column": 2
          },
          "end": {
            "line": 40,
            "column": 3
          }
        },
        "type": "if",
        "locations": [
          {
            "start": {
              "line": 34,
              "column": 2
            },
            "end": {
              "line": 40,
              "column": 3
            }
          },
          {
            "start": {
              "line": 36,
              "column": 9
            },
            "end": {
              "line": 40,
              "column": 3
            }
          }
        ],
        "line": 34
      },
      "3": {
        "loc": {
          "start": {
            "line": 36,
            "column": 9
          },
          "end": {
            "line": 40,
            "column": 3
          }
        },
        "type": "if",
        "locations": [
          {
            "start": {
              "line": 36,
              "column": 9
            },
            "end": {
              "line": 40,
              "column": 3
            }
          },
          {
            "start": {
              "line": 38,
              "column": 9
            },
            "end": {
              "line": 40,
              "column": 3
            }
          }
        ],
        "line": 36
      },
      "4": {
        "loc": {
          "start": {
            "line": 43,
            "column": 2
          },
          "end": {
            "line": 60,
            "column": 3
          }
        },
        "type": "switch",
        "locations": [
          {
            "start": {
              "line": 44,
              "column": 4
            },
            "end": {
              "line": 49,
              "column": 12
            }
          },
          {
            "start": {
              "line": 50,
              "column": 4
            },
            "end": {
              "line": 57,
              "column": 12
            }
          },
          {
            "start": {
              "line": 58,
              "column": 4
            },
            "end": {
              "line": 59,
              "column": 16
            }
          }
        ],
        "line": 43
      },
      "5": {
        "loc": {
          "start": {
            "line": 45,
            "column": 6
          },
          "end": {
            "line": 46,
            "column": 45
          }
        },
        "type": "if",
        "locations": [
          {
            "start": {
              "line": 45,
              "column": 6
            },
            "end": {
              "line": 46,
              "column": 45
            }
          },
          {
            "start": {},
            "end": {}
          }
        ],
        "line": 45
      },
      "6": {
        "loc": {
          "start": {
            "line": 47,
            "column": 6
          },
          "end": {
            "line": 48,
            "column": 31
          }
        },
        "type": "if",
        "locations": [
          {
            "start": {
              "line": 47,
              "column": 6
            },
            "end": {
              "line": 48,
              "column": 31
            }
          },
          {
            "start": {},
            "end": {}
          }
        ],
        "line": 47
      },
      "7": {
        "loc": {
          "start": {
            "line": 51,
            "column": 6
          },
          "end": {
            "line": 52,
            "column": 28
          }
        },
        "type": "if",
        "locations": [
          {
            "start": {
              "line": 51,
              "column": 6
            },
            "end": {
              "line": 52,
              "column": 28
            }
          },
          {
            "start": {},
            "end": {}
          }
        ],
        "line": 51
      },
      "8": {
        "loc": {
          "start": {
            "line": 53,
            "column": 6
          },
          "end": {
            "line": 54,
            "column": 30
          }
        },
        "type": "if",
        "locations": [
          {
            "start": {
              "line": 53,
              "column": 6
            },
            "end": {
              "line": 54,
              "column": 30
            }
          },
          {
            "start": {},
            "end": {}
          }
        ],
        "line": 53
      },
      "9": {
        "loc": {
          "start": {
            "line": 55,
            "column": 6
          },
          "end": {
            "line": 56,
            "column": 31
          }
        },
        "type": "if",
        "locations": [
          {
            "start": {
              "line": 55,
              "column": 6
            },
            "end": {
              "line": 56,
              "column": 31
            }
          },
          {
            "start": {},
            "end": {}
          }
        ],
        "line": 55
      }
    },
    "s": {
      "0": 1,
      "1": 1,
      "2": 0,
      "3": 1,
      "4": 0,
      "5": 0,
      "6": 0,
      "7": 0,
      "8": 0,
      "9": 1,
      "10": 0,
      "11": 0,
      "12": 0,
      "13": 0,
      "14": 1,
      "15": 0,
      "16": 1,
      "17": 0,
      "18": 0,
      "19": 0,
      "20": 1,
      "21": 0,
      "22": 0,
      "23": 0,
      "24": 0,
      "25": 0,
      "26": 1,
      "27": 0,
      "28": 0,
      "29": 0,
      "30": 0,
      "31": 0,
      "32": 0,
      "33": 0,
      "34": 0,
      "35": 0,
      "36": 0,
      "37": 0,
      "38": 0,
      "39": 0,
      "40": 0,
      "41": 0
    },
    "f": {
      "0": 0,
      "1": 0,
      "2": 0,
      "3": 0,
      "4": 0,
      "5": 0,
      "6": 0,
      "7": 0
    },
    "b": {
      "0": [
        0
      ],
      "1": [
        0,
        0
      ],
      "2": [
        0,
        0
      ],
      "3": [
        0,
        0
      ],
      "4": [
        0,
        0,
        0
      ],
      "5": [
        0,
        0
      ],
      "6": [
        0,
        0
      ],
      "7": [
        0,
        0
      ],
      "8": [
        0,
        0
      ],
      "9": [
        0,
        0
      ]
    },
    "inputSourceMap": {
      "version": 3,
      "sources": [
        "/Users/oleksiisuprun/Desktop/Development/tenzies-warmup/src/utils/index.ts"
      ],
      "mappings": "AAAA,SAAS,cAAc;AACvB,SAAS,cAAc;AACvB,SAAS,QAAQ,mBAAmB;AACpC,SAAS,SAAS,YAAY;AAEvB,aAAM,eAAe;AAAA,EAC1B,EAAE,OAAO,QAAQ,OAAO,EAAE;AAAA,EAC1B,EAAE,OAAO,UAAU,OAAO,GAAG;AAAA,EAC7B,EAAE,OAAO,QAAQ,OAAO,GAAG;AAC7B;AAEO,aAAM,oBAAoB,MAAc,KAAK,KAAK,KAAK,OAAO,IAAI,CAAC;AAEnE,aAAM,gBAAgB,CAAC,aAAqB,OAAe;AAChE,MAAI,WAAmB,CAAC;AACxB,WAAS,IAAI,GAAG,IAAI,YAAY,KAAK;AACnC,aAAS,KAAK,EAAE,IAAI,OAAO,GAAG,OAAO,kBAAkB,GAAG,QAAQ,MAAM,CAAC;AAAA,EAC3E;AACA,SAAO;AACT;AAEO,aAAM,kBAAkB,CAAC,SAC9B,KAAK,IAAI,CAAC,QAAQ;AAChB,MAAI,CAAC,IAAI,QAAQ;AACf,WAAO;AAAA,MACL,GAAG;AAAA,MACH,OAAO,kBAAkB;AAAA,IAC3B;AAAA,EACF;AACA,SAAO;AACT,CAAC;AAEI,aAAM,mBAAmB,CAAC,YAC/B,KAAK,QAAQ,SAAS,CAAC,cAAc,UAAU,GAAG,CAAC,OAAO,KAAK,CAAC,GAAG,CAAC;AAE/D,aAAM,qBAAqB,CAAC,cAA8B;AAC/D,QAAM,OAAO,YAAY,OAAO,CAAC,SAAS,GAAG,KAAK;AAClD,QAAM,gBAAgB,OAAO,MAAM,sBAAsB,EAAE,UAAU,MAAM,CAAC;AAC5E,SAAO;AACT;AAEO,aAAM,sBAAsB,CAAC,eAAwB,cAA+B;AACzF,MAAI,CAAC,eAAe;AAClB,WAAO;AAAA,EACT,WAAW,WAAW;AACpB,WAAO;AAAA,EACT,OAAO;AACL,WAAO;AAAA,EACT;AACF;AAEO,aAAM,gBAAgB,CAAC,YAAoB,UAAkB;AAClE,UAAQ,YAAY;AAAA,IAClB,KAAK;AACH,UAAI,UAAU;AAAG,eAAO;AACxB,UAAI,UAAU;AAAG,eAAO;AACxB;AAAA,IACF,KAAK;AACH,UAAI,UAAU;AAAG,eAAO;AACxB,UAAI,UAAU;AAAG,eAAO;AACxB,UAAI,UAAU;AAAG,eAAO;AACxB;AAAA,IACF;AACE,aAAO;AAAA,EACX;AACA;AACF;",
      "names": []
    },
    "_coverageSchema": "1a1c01bbd47fc00a2c39e90264f33305004495a9",
    "hash": "73e73e91fda24684a7655b3f94abba89442814ed"
  },
  "/Users/oleksiisuprun/Desktop/Development/tenzies-warmup/src/Components/Header.tsx": {
    "path": "/Users/oleksiisuprun/Desktop/Development/tenzies-warmup/src/Components/Header.tsx",
    "statementMap": {
      "0": {
        "start": {
          "line": 3,
          "column": 20
        },
        "end": {
          "line": 3,
          "column": 97
        }
      },
      "1": {
        "start": {
          "line": 6,
          "column": 0
        },
        "end": {
          "line": 16,
          "column": 1
        }
      },
      "2": {
        "start": {
          "line": 7,
          "column": 2
        },
        "end": {
          "line": 9,
          "column": 3
        }
      },
      "3": {
        "start": {
          "line": 8,
          "column": 4
        },
        "end": {
          "line": 8,
          "column": 165
        }
      },
      "4": {
        "start": {
          "line": 10,
          "column": 2
        },
        "end": {
          "line": 10,
          "column": 39
        }
      },
      "5": {
        "start": {
          "line": 11,
          "column": 2
        },
        "end": {
          "line": 11,
          "column": 39
        }
      },
      "6": {
        "start": {
          "line": 12,
          "column": 2
        },
        "end": {
          "line": 14,
          "column": 4
        }
      },
      "7": {
        "start": {
          "line": 13,
          "column": 4
        },
        "end": {
          "line": 13,
          "column": 125
        }
      },
      "8": {
        "start": {
          "line": 15,
          "column": 2
        },
        "end": {
          "line": 15,
          "column": 75
        }
      },
      "9": {
        "start": {
          "line": 17,
          "column": 15
        },
        "end": {
          "line": 21,
          "column": 8
        }
      },
      "10": {
        "start": {
          "line": 17,
          "column": 49
        },
        "end": {
          "line": 21,
          "column": 8
        }
      },
      "11": {
        "start": {
          "line": 22,
          "column": 0
        },
        "end": {
          "line": 22,
          "column": 12
        }
      },
      "12": {
        "start": {
          "line": 25,
          "column": 0
        },
        "end": {
          "line": 25,
          "column": 27
        }
      },
      "13": {
        "start": {
          "line": 26,
          "column": 0
        },
        "end": {
          "line": 39,
          "column": 1
        }
      },
      "14": {
        "start": {
          "line": 27,
          "column": 2
        },
        "end": {
          "line": 27,
          "column": 39
        }
      },
      "15": {
        "start": {
          "line": 28,
          "column": 2
        },
        "end": {
          "line": 28,
          "column": 39
        }
      },
      "16": {
        "start": {
          "line": 29,
          "column": 2
        },
        "end": {
          "line": 38,
          "column": 5
        }
      },
      "17": {
        "start": {
          "line": 30,
          "column": 4
        },
        "end": {
          "line": 30,
          "column": 151
        }
      },
      "18": {
        "start": {
          "line": 31,
          "column": 4
        },
        "end": {
          "line": 37,
          "column": 7
        }
      },
      "19": {
        "start": {
          "line": 32,
          "column": 6
        },
        "end": {
          "line": 33,
          "column": 15
        }
      },
      "20": {
        "start": {
          "line": 33,
          "column": 8
        },
        "end": {
          "line": 33,
          "column": 15
        }
      },
      "21": {
        "start": {
          "line": 34,
          "column": 32
        },
        "end": {
          "line": 34,
          "column": 115
        }
      },
      "22": {
        "start": {
          "line": 35,
          "column": 6
        },
        "end": {
          "line": 36,
          "column": 54
        }
      },
      "23": {
        "start": {
          "line": 36,
          "column": 8
        },
        "end": {
          "line": 36,
          "column": 54
        }
      }
    },
    "fnMap": {
      "0": {
        "name": "(anonymous_0)",
        "decl": {
          "start": {
            "line": 12,
            "column": 24
          },
          "end": {
            "line": 12,
            "column": 25
          }
        },
        "loc": {
          "start": {
            "line": 12,
            "column": 38
          },
          "end": {
            "line": 14,
            "column": 3
          }
        },
        "line": 12
      },
      "1": {
        "name": "(anonymous_1)",
        "decl": {
          "start": {
            "line": 17,
            "column": 15
          },
          "end": {
            "line": 17,
            "column": 16
          }
        },
        "loc": {
          "start": {
            "line": 17,
            "column": 49
          },
          "end": {
            "line": 21,
            "column": 8
          }
        },
        "line": 17
      },
      "2": {
        "name": "(anonymous_2)",
        "decl": {
          "start": {
            "line": 29,
            "column": 52
          },
          "end": {
            "line": 29,
            "column": 53
          }
        },
        "loc": {
          "start": {
            "line": 29,
            "column": 72
          },
          "end": {
            "line": 38,
            "column": 3
          }
        },
        "line": 29
      },
      "3": {
        "name": "(anonymous_3)",
        "decl": {
          "start": {
            "line": 31,
            "column": 27
          },
          "end": {
            "line": 31,
            "column": 28
          }
        },
        "loc": {
          "start": {
            "line": 31,
            "column": 44
          },
          "end": {
            "line": 37,
            "column": 5
          }
        },
        "line": 31
      }
    },
    "branchMap": {
      "0": {
        "loc": {
          "start": {
            "line": 3,
            "column": 20
          },
          "end": {
            "line": 3,
            "column": 97
          }
        },
        "type": "binary-expr",
        "locations": [
          {
            "start": {
              "line": 3,
              "column": 20
            },
            "end": {
              "line": 3,
              "column": 60
            }
          },
          {
            "start": {
              "line": 3,
              "column": 64
            },
            "end": {
              "line": 3,
              "column": 97
            }
          }
        ],
        "line": 3
      },
      "1": {
        "loc": {
          "start": {
            "line": 6,
            "column": 0
          },
          "end": {
            "line": 16,
            "column": 1
          }
        },
        "type": "if",
        "locations": [
          {
            "start": {
              "line": 6,
              "column": 0
            },
            "end": {
              "line": 16,
              "column": 1
            }
          },
          {
            "start": {},
            "end": {}
          }
        ],
        "line": 6
      },
      "2": {
        "loc": {
          "start": {
            "line": 6,
            "column": 4
          },
          "end": {
            "line": 6,
            "column": 35
          }
        },
        "type": "binary-expr",
        "locations": [
          {
            "start": {
              "line": 6,
              "column": 4
            },
            "end": {
              "line": 6,
              "column": 19
            }
          },
          {
            "start": {
              "line": 6,
              "column": 23
            },
            "end": {
              "line": 6,
              "column": 35
            }
          }
        ],
        "line": 6
      },
      "3": {
        "loc": {
          "start": {
            "line": 7,
            "column": 2
          },
          "end": {
            "line": 9,
            "column": 3
          }
        },
        "type": "if",
        "locations": [
          {
            "start": {
              "line": 7,
              "column": 2
            },
            "end": {
              "line": 9,
              "column": 3
            }
          },
          {
            "start": {},
            "end": {}
          }
        ],
        "line": 7
      },
      "4": {
        "loc": {
          "start": {
            "line": 26,
            "column": 0
          },
          "end": {
            "line": 39,
            "column": 1
          }
        },
        "type": "if",
        "locations": [
          {
            "start": {
              "line": 26,
              "column": 0
            },
            "end": {
              "line": 39,
              "column": 1
            }
          },
          {
            "start": {},
            "end": {}
          }
        ],
        "line": 26
      },
      "5": {
        "loc": {
          "start": {
            "line": 26,
            "column": 4
          },
          "end": {
            "line": 26,
            "column": 35
          }
        },
        "type": "binary-expr",
        "locations": [
          {
            "start": {
              "line": 26,
              "column": 4
            },
            "end": {
              "line": 26,
              "column": 19
            }
          },
          {
            "start": {
              "line": 26,
              "column": 23
            },
            "end": {
              "line": 26,
              "column": 35
            }
          }
        ],
        "line": 26
      },
      "6": {
        "loc": {
          "start": {
            "line": 32,
            "column": 6
          },
          "end": {
            "line": 33,
            "column": 15
          }
        },
        "type": "if",
        "locations": [
          {
            "start": {
              "line": 32,
              "column": 6
            },
            "end": {
              "line": 33,
              "column": 15
            }
          },
          {
            "start": {},
            "end": {}
          }
        ],
        "line": 32
      },
      "7": {
        "loc": {
          "start": {
            "line": 35,
            "column": 6
          },
          "end": {
            "line": 36,
            "column": 54
          }
        },
        "type": "if",
        "locations": [
          {
            "start": {
              "line": 35,
              "column": 6
            },
            "end": {
              "line": 36,
              "column": 54
            }
          },
          {
            "start": {},
            "end": {}
          }
        ],
        "line": 35
      }
    },
    "s": {
      "0": 1,
      "1": 1,
      "2": 1,
      "3": 0,
      "4": 1,
      "5": 1,
      "6": 1,
      "7": 1,
      "8": 1,
      "9": 1,
      "10": 1,
      "11": 1,
      "12": 1,
      "13": 1,
      "14": 1,
      "15": 1,
      "16": 1,
      "17": 1,
      "18": 1,
      "19": 0,
      "20": 0,
      "21": 0,
      "22": 0,
      "23": 0
    },
    "f": {
      "0": 1,
      "1": 1,
      "2": 1,
      "3": 0
    },
    "b": {
      "0": [
        1,
        0
      ],
      "1": [
        1,
        0
      ],
      "2": [
        1,
        1
      ],
      "3": [
        0,
        1
      ],
      "4": [
        1,
        0
      ],
      "5": [
        1,
        1
      ],
      "6": [
        0,
        0
      ],
      "7": [
        0,
        0
      ]
    },
    "inputSourceMap": {
      "version": 3,
      "mappings": "AAGE;AAHF,2BAA0B;AAAe;AAAA;AAAA;AAAA;AAAA;AAAA;AAAA;AAAA;AAAA;AAAA;AAAA;AAAA;AAAA;AAAA;AAEzC,MAAMA,SAASA,CAAC,EAAEC,SAA4B,MAC5C,uBAAC,YAAO,IAAG,UAAS,WAAU,eAC3BA,YADH;AAAA;AAAA;AAAA;AAAA,OAEA;AACAC,KAJIF;AAKN,eAAeA;AAAO,IAAAE;AAAAC,aAAAD,IAAA",
      "names": [
        "Header",
        "children",
        "_c",
        "$RefreshReg$"
      ],
      "ignoreList": [],
      "sources": [
        "/Users/oleksiisuprun/Desktop/Development/tenzies-warmup/src/Components/Header.tsx"
      ],
      "file": "/Users/oleksiisuprun/Desktop/Development/tenzies-warmup/src/Components/Header.tsx"
    },
    "_coverageSchema": "1a1c01bbd47fc00a2c39e90264f33305004495a9",
    "hash": "3615cffcc03f23008bc72917eab585676604515d"
  },
  "/Users/oleksiisuprun/Desktop/Development/tenzies-warmup/src/Components/RecordElement.tsx": {
    "path": "/Users/oleksiisuprun/Desktop/Development/tenzies-warmup/src/Components/RecordElement.tsx",
    "statementMap": {
      "0": {
        "start": {
          "line": 3,
          "column": 20
        },
        "end": {
          "line": 3,
          "column": 97
        }
      },
      "1": {
        "start": {
          "line": 6,
          "column": 0
        },
        "end": {
          "line": 16,
          "column": 1
        }
      },
      "2": {
        "start": {
          "line": 7,
          "column": 2
        },
        "end": {
          "line": 9,
          "column": 3
        }
      },
      "3": {
        "start": {
          "line": 8,
          "column": 4
        },
        "end": {
          "line": 8,
          "column": 165
        }
      },
      "4": {
        "start": {
          "line": 10,
          "column": 2
        },
        "end": {
          "line": 10,
          "column": 39
        }
      },
      "5": {
        "start": {
          "line": 11,
          "column": 2
        },
        "end": {
          "line": 11,
          "column": 39
        }
      },
      "6": {
        "start": {
          "line": 12,
          "column": 2
        },
        "end": {
          "line": 14,
          "column": 4
        }
      },
      "7": {
        "start": {
          "line": 13,
          "column": 4
        },
        "end": {
          "line": 13,
          "column": 132
        }
      },
      "8": {
        "start": {
          "line": 15,
          "column": 2
        },
        "end": {
          "line": 15,
          "column": 75
        }
      },
      "9": {
        "start": {
          "line": 19,
          "column": 22
        },
        "end": {
          "line": 55,
          "column": 1
        }
      },
      "10": {
        "start": {
          "line": 20,
          "column": 26
        },
        "end": {
          "line": 20,
          "column": 55
        }
      },
      "11": {
        "start": {
          "line": 21,
          "column": 2
        },
        "end": {
          "line": 54,
          "column": 11
        }
      },
      "12": {
        "start": {
          "line": 56,
          "column": 0
        },
        "end": {
          "line": 56,
          "column": 19
        }
      },
      "13": {
        "start": {
          "line": 59,
          "column": 0
        },
        "end": {
          "line": 59,
          "column": 34
        }
      },
      "14": {
        "start": {
          "line": 60,
          "column": 0
        },
        "end": {
          "line": 73,
          "column": 1
        }
      },
      "15": {
        "start": {
          "line": 61,
          "column": 2
        },
        "end": {
          "line": 61,
          "column": 39
        }
      },
      "16": {
        "start": {
          "line": 62,
          "column": 2
        },
        "end": {
          "line": 62,
          "column": 39
        }
      },
      "17": {
        "start": {
          "line": 63,
          "column": 2
        },
        "end": {
          "line": 72,
          "column": 5
        }
      },
      "18": {
        "start": {
          "line": 64,
          "column": 4
        },
        "end": {
          "line": 64,
          "column": 158
        }
      },
      "19": {
        "start": {
          "line": 65,
          "column": 4
        },
        "end": {
          "line": 71,
          "column": 7
        }
      },
      "20": {
        "start": {
          "line": 66,
          "column": 6
        },
        "end": {
          "line": 67,
          "column": 15
        }
      },
      "21": {
        "start": {
          "line": 67,
          "column": 8
        },
        "end": {
          "line": 67,
          "column": 15
        }
      },
      "22": {
        "start": {
          "line": 68,
          "column": 32
        },
        "end": {
          "line": 68,
          "column": 115
        }
      },
      "23": {
        "start": {
          "line": 69,
          "column": 6
        },
        "end": {
          "line": 70,
          "column": 54
        }
      },
      "24": {
        "start": {
          "line": 70,
          "column": 8
        },
        "end": {
          "line": 70,
          "column": 54
        }
      }
    },
    "fnMap": {
      "0": {
        "name": "(anonymous_0)",
        "decl": {
          "start": {
            "line": 12,
            "column": 24
          },
          "end": {
            "line": 12,
            "column": 25
          }
        },
        "loc": {
          "start": {
            "line": 12,
            "column": 38
          },
          "end": {
            "line": 14,
            "column": 3
          }
        },
        "line": 12
      },
      "1": {
        "name": "(anonymous_1)",
        "decl": {
          "start": {
            "line": 19,
            "column": 22
          },
          "end": {
            "line": 19,
            "column": 23
          }
        },
        "loc": {
          "start": {
            "line": 19,
            "column": 43
          },
          "end": {
            "line": 55,
            "column": 1
          }
        },
        "line": 19
      },
      "2": {
        "name": "(anonymous_2)",
        "decl": {
          "start": {
            "line": 63,
            "column": 52
          },
          "end": {
            "line": 63,
            "column": 53
          }
        },
        "loc": {
          "start": {
            "line": 63,
            "column": 72
          },
          "end": {
            "line": 72,
            "column": 3
          }
        },
        "line": 63
      },
      "3": {
        "name": "(anonymous_3)",
        "decl": {
          "start": {
            "line": 65,
            "column": 27
          },
          "end": {
            "line": 65,
            "column": 28
          }
        },
        "loc": {
          "start": {
            "line": 65,
            "column": 44
          },
          "end": {
            "line": 71,
            "column": 5
          }
        },
        "line": 65
      }
    },
    "branchMap": {
      "0": {
        "loc": {
          "start": {
            "line": 3,
            "column": 20
          },
          "end": {
            "line": 3,
            "column": 97
          }
        },
        "type": "binary-expr",
        "locations": [
          {
            "start": {
              "line": 3,
              "column": 20
            },
            "end": {
              "line": 3,
              "column": 60
            }
          },
          {
            "start": {
              "line": 3,
              "column": 64
            },
            "end": {
              "line": 3,
              "column": 97
            }
          }
        ],
        "line": 3
      },
      "1": {
        "loc": {
          "start": {
            "line": 6,
            "column": 0
          },
          "end": {
            "line": 16,
            "column": 1
          }
        },
        "type": "if",
        "locations": [
          {
            "start": {
              "line": 6,
              "column": 0
            },
            "end": {
              "line": 16,
              "column": 1
            }
          },
          {
            "start": {},
            "end": {}
          }
        ],
        "line": 6
      },
      "2": {
        "loc": {
          "start": {
            "line": 6,
            "column": 4
          },
          "end": {
            "line": 6,
            "column": 35
          }
        },
        "type": "binary-expr",
        "locations": [
          {
            "start": {
              "line": 6,
              "column": 4
            },
            "end": {
              "line": 6,
              "column": 19
            }
          },
          {
            "start": {
              "line": 6,
              "column": 23
            },
            "end": {
              "line": 6,
              "column": 35
            }
          }
        ],
        "line": 6
      },
      "3": {
        "loc": {
          "start": {
            "line": 7,
            "column": 2
          },
          "end": {
            "line": 9,
            "column": 3
          }
        },
        "type": "if",
        "locations": [
          {
            "start": {
              "line": 7,
              "column": 2
            },
            "end": {
              "line": 9,
              "column": 3
            }
          },
          {
            "start": {},
            "end": {}
          }
        ],
        "line": 7
      },
      "4": {
        "loc": {
          "start": {
            "line": 60,
            "column": 0
          },
          "end": {
            "line": 73,
            "column": 1
          }
        },
        "type": "if",
        "locations": [
          {
            "start": {
              "line": 60,
              "column": 0
            },
            "end": {
              "line": 73,
              "column": 1
            }
          },
          {
            "start": {},
            "end": {}
          }
        ],
        "line": 60
      },
      "5": {
        "loc": {
          "start": {
            "line": 60,
            "column": 4
          },
          "end": {
            "line": 60,
            "column": 35
          }
        },
        "type": "binary-expr",
        "locations": [
          {
            "start": {
              "line": 60,
              "column": 4
            },
            "end": {
              "line": 60,
              "column": 19
            }
          },
          {
            "start": {
              "line": 60,
              "column": 23
            },
            "end": {
              "line": 60,
              "column": 35
            }
          }
        ],
        "line": 60
      },
      "6": {
        "loc": {
          "start": {
            "line": 66,
            "column": 6
          },
          "end": {
            "line": 67,
            "column": 15
          }
        },
        "type": "if",
        "locations": [
          {
            "start": {
              "line": 66,
              "column": 6
            },
            "end": {
              "line": 67,
              "column": 15
            }
          },
          {
            "start": {},
            "end": {}
          }
        ],
        "line": 66
      },
      "7": {
        "loc": {
          "start": {
            "line": 69,
            "column": 6
          },
          "end": {
            "line": 70,
            "column": 54
          }
        },
        "type": "if",
        "locations": [
          {
            "start": {
              "line": 69,
              "column": 6
            },
            "end": {
              "line": 70,
              "column": 54
            }
          },
          {
            "start": {},
            "end": {}
          }
        ],
        "line": 69
      }
    },
    "s": {
      "0": 1,
      "1": 1,
      "2": 1,
      "3": 0,
      "4": 1,
      "5": 1,
      "6": 1,
      "7": 1,
      "8": 1,
      "9": 1,
      "10": 0,
      "11": 0,
      "12": 1,
      "13": 1,
      "14": 1,
      "15": 1,
      "16": 1,
      "17": 1,
      "18": 1,
      "19": 1,
      "20": 0,
      "21": 0,
      "22": 0,
      "23": 0,
      "24": 0
    },
    "f": {
      "0": 1,
      "1": 0,
      "2": 1,
      "3": 0
    },
    "b": {
      "0": [
        1,
        0
      ],
      "1": [
        1,
        0
      ],
      "2": [
        1,
        1
      ],
      "3": [
        0,
        1
      ],
      "4": [
        1,
        0
      ],
      "5": [
        1,
        1
      ],
      "6": [
        0,
        0
      ],
      "7": [
        0,
        0
      ]
    },
    "inputSourceMap": {
      "version": 3,
      "mappings": "AASM;AATN,2BAA0B;AAAA;AAAA;AAAA;AAAA;AAAA;AAAA;AAAA;AAAA;AAAA;AAAA;AAAA;AAAA;AAAA;AAAA;AAC1B,OAAOA,gBAAgB;AACvB,SAASC,0BAA0B;AAEnC,MAAMC,gBAAyDA,CAAC,EAAEC,MAAMC,MAAM,MAAM;AAClF,QAAMC,kBAAkBJ,mBAAmBE,KAAKG,IAAI;AAEpD,SACE,uBAAC,QAAG,WAAU,2BACZ;AAAA,2BAAC,QAAG,WAAU,wDAAwDF,kBAAQ,KAA9E;AAAA;AAAA;AAAA;AAAA,WAAgF;AAAA,IAChF,uBAAC,QAAG,WAAU,wDAAwDC,6BAAtE;AAAA;AAAA;AAAA;AAAA,WAAsF;AAAA,IACtF,uBAAC,QAAG,WAAU,wDACXL,qBAAWG,KAAKI,eAAe,KADlC;AAAA;AAAA;AAAA;AAAA,WAEA;AAAA,IACA,uBAAC,QAAG,WAAU,wDAAwDJ,eAAKK,cAA3E;AAAA;AAAA;AAAA;AAAA,WAAsF;AAAA,IACtF,uBAAC,QAAG,WAAU,wDAAwDL;AAAAA,WAAKM;AAAAA,MAAS;AAAA,SAApF;AAAA;AAAA;AAAA;AAAA,WAAqF;AAAA,OAPvF;AAAA;AAAA;AAAA;AAAA,SAQA;AAEJ;AAAEC,KAdIR;AAeN,eAAeA;AAAc,IAAAQ;AAAAC,aAAAD,IAAA",
      "names": [
        "capitalize",
        "getGameSessionTime",
        "RecordElement",
        "data",
        "index",
        "gameSessionTime",
        "date",
        "difficultyLabel",
        "gameClicks",
        "gameTime",
        "_c",
        "$RefreshReg$"
      ],
      "ignoreList": [],
      "sources": [
        "/Users/oleksiisuprun/Desktop/Development/tenzies-warmup/src/Components/RecordElement.tsx"
      ],
      "file": "/Users/oleksiisuprun/Desktop/Development/tenzies-warmup/src/Components/RecordElement.tsx"
    },
    "_coverageSchema": "1a1c01bbd47fc00a2c39e90264f33305004495a9",
    "hash": "bd12171f3e1c1b18fdf2ce10f59afad21240eb83"
  },
  "/Users/oleksiisuprun/Desktop/Development/tenzies-warmup/src/Components/RecordsTable.tsx": {
    "path": "/Users/oleksiisuprun/Desktop/Development/tenzies-warmup/src/Components/RecordsTable.tsx",
    "statementMap": {
      "0": {
        "start": {
          "line": 3,
          "column": 20
        },
        "end": {
          "line": 3,
          "column": 97
        }
      },
      "1": {
        "start": {
          "line": 6,
          "column": 0
        },
        "end": {
          "line": 16,
          "column": 1
        }
      },
      "2": {
        "start": {
          "line": 7,
          "column": 2
        },
        "end": {
          "line": 9,
          "column": 3
        }
      },
      "3": {
        "start": {
          "line": 8,
          "column": 4
        },
        "end": {
          "line": 8,
          "column": 165
        }
      },
      "4": {
        "start": {
          "line": 10,
          "column": 2
        },
        "end": {
          "line": 10,
          "column": 39
        }
      },
      "5": {
        "start": {
          "line": 11,
          "column": 2
        },
        "end": {
          "line": 11,
          "column": 39
        }
      },
      "6": {
        "start": {
          "line": 12,
          "column": 2
        },
        "end": {
          "line": 14,
          "column": 4
        }
      },
      "7": {
        "start": {
          "line": 13,
          "column": 4
        },
        "end": {
          "line": 13,
          "column": 131
        }
      },
      "8": {
        "start": {
          "line": 15,
          "column": 2
        },
        "end": {
          "line": 15,
          "column": 75
        }
      },
      "9": {
        "start": {
          "line": 18,
          "column": 21
        },
        "end": {
          "line": 111,
          "column": 1
        }
      },
      "10": {
        "start": {
          "line": 19,
          "column": 26
        },
        "end": {
          "line": 25,
          "column": 3
        }
      },
      "11": {
        "start": {
          "line": 20,
          "column": 39
        },
        "end": {
          "line": 24,
          "column": 12
        }
      },
      "12": {
        "start": {
          "line": 26,
          "column": 2
        },
        "end": {
          "line": 110,
          "column": 4
        }
      },
      "13": {
        "start": {
          "line": 112,
          "column": 0
        },
        "end": {
          "line": 112,
          "column": 18
        }
      },
      "14": {
        "start": {
          "line": 115,
          "column": 0
        },
        "end": {
          "line": 115,
          "column": 33
        }
      },
      "15": {
        "start": {
          "line": 116,
          "column": 0
        },
        "end": {
          "line": 129,
          "column": 1
        }
      },
      "16": {
        "start": {
          "line": 117,
          "column": 2
        },
        "end": {
          "line": 117,
          "column": 39
        }
      },
      "17": {
        "start": {
          "line": 118,
          "column": 2
        },
        "end": {
          "line": 118,
          "column": 39
        }
      },
      "18": {
        "start": {
          "line": 119,
          "column": 2
        },
        "end": {
          "line": 128,
          "column": 5
        }
      },
      "19": {
        "start": {
          "line": 120,
          "column": 4
        },
        "end": {
          "line": 120,
          "column": 157
        }
      },
      "20": {
        "start": {
          "line": 121,
          "column": 4
        },
        "end": {
          "line": 127,
          "column": 7
        }
      },
      "21": {
        "start": {
          "line": 122,
          "column": 6
        },
        "end": {
          "line": 123,
          "column": 15
        }
      },
      "22": {
        "start": {
          "line": 123,
          "column": 8
        },
        "end": {
          "line": 123,
          "column": 15
        }
      },
      "23": {
        "start": {
          "line": 124,
          "column": 32
        },
        "end": {
          "line": 124,
          "column": 115
        }
      },
      "24": {
        "start": {
          "line": 125,
          "column": 6
        },
        "end": {
          "line": 126,
          "column": 54
        }
      },
      "25": {
        "start": {
          "line": 126,
          "column": 8
        },
        "end": {
          "line": 126,
          "column": 54
        }
      }
    },
    "fnMap": {
      "0": {
        "name": "(anonymous_0)",
        "decl": {
          "start": {
            "line": 12,
            "column": 24
          },
          "end": {
            "line": 12,
            "column": 25
          }
        },
        "loc": {
          "start": {
            "line": 12,
            "column": 38
          },
          "end": {
            "line": 14,
            "column": 3
          }
        },
        "line": 12
      },
      "1": {
        "name": "(anonymous_1)",
        "decl": {
          "start": {
            "line": 18,
            "column": 21
          },
          "end": {
            "line": 18,
            "column": 22
          }
        },
        "loc": {
          "start": {
            "line": 18,
            "column": 44
          },
          "end": {
            "line": 111,
            "column": 1
          }
        },
        "line": 18
      },
      "2": {
        "name": "(anonymous_2)",
        "decl": {
          "start": {
            "line": 20,
            "column": 4
          },
          "end": {
            "line": 20,
            "column": 5
          }
        },
        "loc": {
          "start": {
            "line": 20,
            "column": 39
          },
          "end": {
            "line": 24,
            "column": 12
          }
        },
        "line": 20
      },
      "3": {
        "name": "(anonymous_3)",
        "decl": {
          "start": {
            "line": 119,
            "column": 52
          },
          "end": {
            "line": 119,
            "column": 53
          }
        },
        "loc": {
          "start": {
            "line": 119,
            "column": 72
          },
          "end": {
            "line": 128,
            "column": 3
          }
        },
        "line": 119
      },
      "4": {
        "name": "(anonymous_4)",
        "decl": {
          "start": {
            "line": 121,
            "column": 27
          },
          "end": {
            "line": 121,
            "column": 28
          }
        },
        "loc": {
          "start": {
            "line": 121,
            "column": 44
          },
          "end": {
            "line": 127,
            "column": 5
          }
        },
        "line": 121
      }
    },
    "branchMap": {
      "0": {
        "loc": {
          "start": {
            "line": 3,
            "column": 20
          },
          "end": {
            "line": 3,
            "column": 97
          }
        },
        "type": "binary-expr",
        "locations": [
          {
            "start": {
              "line": 3,
              "column": 20
            },
            "end": {
              "line": 3,
              "column": 60
            }
          },
          {
            "start": {
              "line": 3,
              "column": 64
            },
            "end": {
              "line": 3,
              "column": 97
            }
          }
        ],
        "line": 3
      },
      "1": {
        "loc": {
          "start": {
            "line": 6,
            "column": 0
          },
          "end": {
            "line": 16,
            "column": 1
          }
        },
        "type": "if",
        "locations": [
          {
            "start": {
              "line": 6,
              "column": 0
            },
            "end": {
              "line": 16,
              "column": 1
            }
          },
          {
            "start": {},
            "end": {}
          }
        ],
        "line": 6
      },
      "2": {
        "loc": {
          "start": {
            "line": 6,
            "column": 4
          },
          "end": {
            "line": 6,
            "column": 35
          }
        },
        "type": "binary-expr",
        "locations": [
          {
            "start": {
              "line": 6,
              "column": 4
            },
            "end": {
              "line": 6,
              "column": 19
            }
          },
          {
            "start": {
              "line": 6,
              "column": 23
            },
            "end": {
              "line": 6,
              "column": 35
            }
          }
        ],
        "line": 6
      },
      "3": {
        "loc": {
          "start": {
            "line": 7,
            "column": 2
          },
          "end": {
            "line": 9,
            "column": 3
          }
        },
        "type": "if",
        "locations": [
          {
            "start": {
              "line": 7,
              "column": 2
            },
            "end": {
              "line": 9,
              "column": 3
            }
          },
          {
            "start": {},
            "end": {}
          }
        ],
        "line": 7
      },
      "4": {
        "loc": {
          "start": {
            "line": 116,
            "column": 0
          },
          "end": {
            "line": 129,
            "column": 1
          }
        },
        "type": "if",
        "locations": [
          {
            "start": {
              "line": 116,
              "column": 0
            },
            "end": {
              "line": 129,
              "column": 1
            }
          },
          {
            "start": {},
            "end": {}
          }
        ],
        "line": 116
      },
      "5": {
        "loc": {
          "start": {
            "line": 116,
            "column": 4
          },
          "end": {
            "line": 116,
            "column": 35
          }
        },
        "type": "binary-expr",
        "locations": [
          {
            "start": {
              "line": 116,
              "column": 4
            },
            "end": {
              "line": 116,
              "column": 19
            }
          },
          {
            "start": {
              "line": 116,
              "column": 23
            },
            "end": {
              "line": 116,
              "column": 35
            }
          }
        ],
        "line": 116
      },
      "6": {
        "loc": {
          "start": {
            "line": 122,
            "column": 6
          },
          "end": {
            "line": 123,
            "column": 15
          }
        },
        "type": "if",
        "locations": [
          {
            "start": {
              "line": 122,
              "column": 6
            },
            "end": {
              "line": 123,
              "column": 15
            }
          },
          {
            "start": {},
            "end": {}
          }
        ],
        "line": 122
      },
      "7": {
        "loc": {
          "start": {
            "line": 125,
            "column": 6
          },
          "end": {
            "line": 126,
            "column": 54
          }
        },
        "type": "if",
        "locations": [
          {
            "start": {
              "line": 125,
              "column": 6
            },
            "end": {
              "line": 126,
              "column": 54
            }
          },
          {
            "start": {},
            "end": {}
          }
        ],
        "line": 125
      }
    },
    "s": {
      "0": 1,
      "1": 1,
      "2": 1,
      "3": 0,
      "4": 1,
      "5": 1,
      "6": 1,
      "7": 1,
      "8": 1,
      "9": 1,
      "10": 0,
      "11": 0,
      "12": 0,
      "13": 1,
      "14": 1,
      "15": 1,
      "16": 1,
      "17": 1,
      "18": 1,
      "19": 1,
      "20": 1,
      "21": 0,
      "22": 0,
      "23": 0,
      "24": 0,
      "25": 0
    },
    "f": {
      "0": 1,
      "1": 0,
      "2": 0,
      "3": 1,
      "4": 0
    },
    "b": {
      "0": [
        1,
        0
      ],
      "1": [
        1,
        0
      ],
      "2": [
        1,
        1
      ],
      "3": [
        0,
        1
      ],
      "4": [
        1,
        0
      ],
      "5": [
        1,
        1
      ],
      "6": [
        0,
        0
      ],
      "7": [
        0,
        0
      ]
    },
    "inputSourceMap": {
      "version": 3,
      "mappings": "AAKI;AALJ,2BAA0B;AAAA;AAAA;AAAA;AAAA;AAAA;AAAA;AAAA;AAAA;AAAA;AAAA;AAAA;AAAA;AAAA;AAAA;AAC1B,OAAOA,mBAAmB;AAE1B,MAAMC,eAA2CA,CAAC,EAAEC,MAAMC,QAAQ,MAAM;AACtE,QAAMC,kBAAkBD,QAAQE;AAAAA,IAAI,CAACC,QAAQC,UAC3C,uBAAC,iBAA8B,MAAMD,QAAQ,SAAzBA,OAAOE,IAA3B;AAAA;AAAA;AAAA;AAAA,WAA0D;AAAA,EAC3D;AAED,SACE;AAAA,IAAC;AAAA;AAAA,MACC,eAAY;AAAA,MACZ,IAAG;AAAA,MACH,WAAU;AAAA,MAEV;AAAA,+BAAC,QAAG,WAAU,2CAA0C,8BAAxD;AAAA;AAAA;AAAA;AAAA,eAAsE;AAAA,QACtE;AAAA,UAAC;AAAA;AAAA,YACC,IAAG;AAAA,YACH,WAAU;AAAA,YACV,OAAO,EAAEC,yBAAyB,QAAQ;AAAA,YAE1C,iCAAC,WAAM,IAAG,iBAAgB,WAAU,kBAClC;AAAA,qCAAC,WAAM,WAAU,gCACf,iCAAC,QAAG,WAAU,+BACZ;AAAA,uCAAC,QAAG,WAAU,4DAA2D,iBAAzE;AAAA;AAAA;AAAA;AAAA,uBAA0E;AAAA,gBAC1E,uBAAC,QAAG,WAAU,4DAA2D,oBAAzE;AAAA;AAAA;AAAA;AAAA,uBAA6E;AAAA,gBAC7E,uBAAC,QAAG,WAAU,4DAA0D,0BAAxE;AAAA;AAAA;AAAA;AAAA,uBAEA;AAAA,gBACA,uBAAC,QAAG,WAAU,4DAA0D,4BAAxE;AAAA;AAAA;AAAA;AAAA,uBAEA;AAAA,gBACA,uBAAC,QAAG,WAAU,4DAA0D,0BAAxE;AAAA;AAAA;AAAA;AAAA,uBAEA;AAAA,mBAXF;AAAA;AAAA;AAAA;AAAA,qBAYA,KAbF;AAAA;AAAA;AAAA;AAAA,qBAcA;AAAA,cACA,uBAAC,WAAM,WAAU,eAAeL,6BAAhC;AAAA;AAAA;AAAA;AAAA,qBAAgD;AAAA,iBAhBlD;AAAA;AAAA;AAAA;AAAA,mBAiBA;AAAA;AAAA,UAtBF;AAAA;AAAA;AAAA;AAAA;AAAA;AAAA;AAAA;AAAA,QAuBA;AAAA;AAAA;AAAA,IA7BF;AAAA;AAAA;AAAA;AAAA;AAAA;AAAA;AAAA;AAAA,EA8BA;AAEJ;AAAEM,KAtCIT;AAuCN,eAAeA;AAAa,IAAAS;AAAAC,aAAAD,IAAA",
      "names": [
        "RecordElement",
        "RecordsTable",
        "data",
        "records",
        "recordsElements",
        "map",
        "record",
        "index",
        "id",
        "WebkitOverflowScrolling",
        "_c",
        "$RefreshReg$"
      ],
      "ignoreList": [],
      "sources": [
        "/Users/oleksiisuprun/Desktop/Development/tenzies-warmup/src/Components/RecordsTable.tsx"
      ],
      "file": "/Users/oleksiisuprun/Desktop/Development/tenzies-warmup/src/Components/RecordsTable.tsx"
    },
    "_coverageSchema": "1a1c01bbd47fc00a2c39e90264f33305004495a9",
    "hash": "7669322ae5a0145217dd936bb529f49410809bb9"
  },
  "/Users/oleksiisuprun/Desktop/Development/tenzies-warmup/src/Components/DifficultySelector.tsx": {
    "path": "/Users/oleksiisuprun/Desktop/Development/tenzies-warmup/src/Components/DifficultySelector.tsx",
    "statementMap": {
      "0": {
        "start": {
          "line": 3,
          "column": 20
        },
        "end": {
          "line": 3,
          "column": 97
        }
      },
      "1": {
        "start": {
          "line": 6,
          "column": 0
        },
        "end": {
          "line": 16,
          "column": 1
        }
      },
      "2": {
        "start": {
          "line": 7,
          "column": 2
        },
        "end": {
          "line": 9,
          "column": 3
        }
      },
      "3": {
        "start": {
          "line": 8,
          "column": 4
        },
        "end": {
          "line": 8,
          "column": 165
        }
      },
      "4": {
        "start": {
          "line": 10,
          "column": 2
        },
        "end": {
          "line": 10,
          "column": 39
        }
      },
      "5": {
        "start": {
          "line": 11,
          "column": 2
        },
        "end": {
          "line": 11,
          "column": 39
        }
      },
      "6": {
        "start": {
          "line": 12,
          "column": 2
        },
        "end": {
          "line": 14,
          "column": 4
        }
      },
      "7": {
        "start": {
          "line": 13,
          "column": 4
        },
        "end": {
          "line": 13,
          "column": 137
        }
      },
      "8": {
        "start": {
          "line": 15,
          "column": 2
        },
        "end": {
          "line": 15,
          "column": 75
        }
      },
      "9": {
        "start": {
          "line": 17,
          "column": 27
        },
        "end": {
          "line": 62,
          "column": 8
        }
      },
      "10": {
        "start": {
          "line": 17,
          "column": 70
        },
        "end": {
          "line": 62,
          "column": 8
        }
      },
      "11": {
        "start": {
          "line": 29,
          "column": 23
        },
        "end": {
          "line": 29,
          "column": 56
        }
      },
      "12": {
        "start": {
          "line": 63,
          "column": 0
        },
        "end": {
          "line": 63,
          "column": 24
        }
      },
      "13": {
        "start": {
          "line": 66,
          "column": 0
        },
        "end": {
          "line": 66,
          "column": 39
        }
      },
      "14": {
        "start": {
          "line": 67,
          "column": 0
        },
        "end": {
          "line": 80,
          "column": 1
        }
      },
      "15": {
        "start": {
          "line": 68,
          "column": 2
        },
        "end": {
          "line": 68,
          "column": 39
        }
      },
      "16": {
        "start": {
          "line": 69,
          "column": 2
        },
        "end": {
          "line": 69,
          "column": 39
        }
      },
      "17": {
        "start": {
          "line": 70,
          "column": 2
        },
        "end": {
          "line": 79,
          "column": 5
        }
      },
      "18": {
        "start": {
          "line": 71,
          "column": 4
        },
        "end": {
          "line": 71,
          "column": 163
        }
      },
      "19": {
        "start": {
          "line": 72,
          "column": 4
        },
        "end": {
          "line": 78,
          "column": 7
        }
      },
      "20": {
        "start": {
          "line": 73,
          "column": 6
        },
        "end": {
          "line": 74,
          "column": 15
        }
      },
      "21": {
        "start": {
          "line": 74,
          "column": 8
        },
        "end": {
          "line": 74,
          "column": 15
        }
      },
      "22": {
        "start": {
          "line": 75,
          "column": 32
        },
        "end": {
          "line": 75,
          "column": 115
        }
      },
      "23": {
        "start": {
          "line": 76,
          "column": 6
        },
        "end": {
          "line": 77,
          "column": 54
        }
      },
      "24": {
        "start": {
          "line": 77,
          "column": 8
        },
        "end": {
          "line": 77,
          "column": 54
        }
      }
    },
    "fnMap": {
      "0": {
        "name": "(anonymous_0)",
        "decl": {
          "start": {
            "line": 12,
            "column": 24
          },
          "end": {
            "line": 12,
            "column": 25
          }
        },
        "loc": {
          "start": {
            "line": 12,
            "column": 38
          },
          "end": {
            "line": 14,
            "column": 3
          }
        },
        "line": 12
      },
      "1": {
        "name": "(anonymous_1)",
        "decl": {
          "start": {
            "line": 17,
            "column": 27
          },
          "end": {
            "line": 17,
            "column": 28
          }
        },
        "loc": {
          "start": {
            "line": 17,
            "column": 70
          },
          "end": {
            "line": 62,
            "column": 8
          }
        },
        "line": 17
      },
      "2": {
        "name": "(anonymous_2)",
        "decl": {
          "start": {
            "line": 29,
            "column": 16
          },
          "end": {
            "line": 29,
            "column": 17
          }
        },
        "loc": {
          "start": {
            "line": 29,
            "column": 23
          },
          "end": {
            "line": 29,
            "column": 56
          }
        },
        "line": 29
      },
      "3": {
        "name": "(anonymous_3)",
        "decl": {
          "start": {
            "line": 70,
            "column": 52
          },
          "end": {
            "line": 70,
            "column": 53
          }
        },
        "loc": {
          "start": {
            "line": 70,
            "column": 72
          },
          "end": {
            "line": 79,
            "column": 3
          }
        },
        "line": 70
      },
      "4": {
        "name": "(anonymous_4)",
        "decl": {
          "start": {
            "line": 72,
            "column": 27
          },
          "end": {
            "line": 72,
            "column": 28
          }
        },
        "loc": {
          "start": {
            "line": 72,
            "column": 44
          },
          "end": {
            "line": 78,
            "column": 5
          }
        },
        "line": 72
      }
    },
    "branchMap": {
      "0": {
        "loc": {
          "start": {
            "line": 3,
            "column": 20
          },
          "end": {
            "line": 3,
            "column": 97
          }
        },
        "type": "binary-expr",
        "locations": [
          {
            "start": {
              "line": 3,
              "column": 20
            },
            "end": {
              "line": 3,
              "column": 60
            }
          },
          {
            "start": {
              "line": 3,
              "column": 64
            },
            "end": {
              "line": 3,
              "column": 97
            }
          }
        ],
        "line": 3
      },
      "1": {
        "loc": {
          "start": {
            "line": 6,
            "column": 0
          },
          "end": {
            "line": 16,
            "column": 1
          }
        },
        "type": "if",
        "locations": [
          {
            "start": {
              "line": 6,
              "column": 0
            },
            "end": {
              "line": 16,
              "column": 1
            }
          },
          {
            "start": {},
            "end": {}
          }
        ],
        "line": 6
      },
      "2": {
        "loc": {
          "start": {
            "line": 6,
            "column": 4
          },
          "end": {
            "line": 6,
            "column": 35
          }
        },
        "type": "binary-expr",
        "locations": [
          {
            "start": {
              "line": 6,
              "column": 4
            },
            "end": {
              "line": 6,
              "column": 19
            }
          },
          {
            "start": {
              "line": 6,
              "column": 23
            },
            "end": {
              "line": 6,
              "column": 35
            }
          }
        ],
        "line": 6
      },
      "3": {
        "loc": {
          "start": {
            "line": 7,
            "column": 2
          },
          "end": {
            "line": 9,
            "column": 3
          }
        },
        "type": "if",
        "locations": [
          {
            "start": {
              "line": 7,
              "column": 2
            },
            "end": {
              "line": 9,
              "column": 3
            }
          },
          {
            "start": {},
            "end": {}
          }
        ],
        "line": 7
      },
      "4": {
        "loc": {
          "start": {
            "line": 67,
            "column": 0
          },
          "end": {
            "line": 80,
            "column": 1
          }
        },
        "type": "if",
        "locations": [
          {
            "start": {
              "line": 67,
              "column": 0
            },
            "end": {
              "line": 80,
              "column": 1
            }
          },
          {
            "start": {},
            "end": {}
          }
        ],
        "line": 67
      },
      "5": {
        "loc": {
          "start": {
            "line": 67,
            "column": 4
          },
          "end": {
            "line": 67,
            "column": 35
          }
        },
        "type": "binary-expr",
        "locations": [
          {
            "start": {
              "line": 67,
              "column": 4
            },
            "end": {
              "line": 67,
              "column": 19
            }
          },
          {
            "start": {
              "line": 67,
              "column": 23
            },
            "end": {
              "line": 67,
              "column": 35
            }
          }
        ],
        "line": 67
      },
      "6": {
        "loc": {
          "start": {
            "line": 73,
            "column": 6
          },
          "end": {
            "line": 74,
            "column": 15
          }
        },
        "type": "if",
        "locations": [
          {
            "start": {
              "line": 73,
              "column": 6
            },
            "end": {
              "line": 74,
              "column": 15
            }
          },
          {
            "start": {},
            "end": {}
          }
        ],
        "line": 73
      },
      "7": {
        "loc": {
          "start": {
            "line": 76,
            "column": 6
          },
          "end": {
            "line": 77,
            "column": 54
          }
        },
        "type": "if",
        "locations": [
          {
            "start": {
              "line": 76,
              "column": 6
            },
            "end": {
              "line": 77,
              "column": 54
            }
          },
          {
            "start": {},
            "end": {}
          }
        ],
        "line": 76
      }
    },
    "s": {
      "0": 1,
      "1": 1,
      "2": 1,
      "3": 0,
      "4": 1,
      "5": 1,
      "6": 1,
      "7": 1,
      "8": 1,
      "9": 1,
      "10": 1,
      "11": 0,
      "12": 1,
      "13": 1,
      "14": 1,
      "15": 1,
      "16": 1,
      "17": 1,
      "18": 1,
      "19": 1,
      "20": 0,
      "21": 0,
      "22": 0,
      "23": 0,
      "24": 0
    },
    "f": {
      "0": 1,
      "1": 1,
      "2": 0,
      "3": 1,
      "4": 0
    },
    "b": {
      "0": [
        1,
        0
      ],
      "1": [
        1,
        0
      ],
      "2": [
        1,
        1
      ],
      "3": [
        0,
        1
      ],
      "4": [
        1,
        0
      ],
      "5": [
        1,
        1
      ],
      "6": [
        0,
        0
      ],
      "7": [
        0,
        0
      ]
    },
    "inputSourceMap": {
      "version": 3,
      "mappings": "AAII;AAJJ,2BAA0B;AAAA;AAAA;AAAA;AAAA;AAAA;AAAA;AAAA;AAAA;AAAA;AAAA;AAAA;AAAA;AAAA;AAAA;AAE1B,MAAMA,qBAA0DA,CAAC,EAAEC,kBAAkB,MACnF,uBAAC,aAAQ,IAAG,cAAa,WAAU,+DACjC;AAAA,yBAAC,QAAG,WAAU,kDAAgD,6CAA9D;AAAA;AAAA;AAAA;AAAA,SAEA;AAAA,EACA;AAAA,IAAC;AAAA;AAAA,MACC,MAAK;AAAA,MACL,IAAG;AAAA,MACH,WAAU;AAAA,MACV,UAAU,CAACC,MAAMD,kBAAkBC,EAAEC,OAAOC,KAAK;AAAA,MACjD,cAAa;AAAA,MAEb;AAAA,+BAAC,YAAO,OAAM,QAAO,oBAArB;AAAA;AAAA;AAAA;AAAA,eAAyB;AAAA,QACzB,uBAAC,YAAO,OAAM,UAAS,sBAAvB;AAAA;AAAA;AAAA;AAAA,eAA6B;AAAA,QAC7B,uBAAC,YAAO,OAAM,QAAO,oBAArB;AAAA;AAAA;AAAA;AAAA,eAAyB;AAAA;AAAA;AAAA,IAT3B;AAAA;AAAA;AAAA;AAAA;AAAA;AAAA;AAAA;AAAA,EAUA;AAAA,KAdF;AAAA;AAAA;AAAA;AAAA,OAeA;AACAC,KAjBIL;AAkBN,eAAeA;AAAmB,IAAAK;AAAAC,aAAAD,IAAA",
      "names": [
        "DifficultySelector",
        "difficultyHandler",
        "e",
        "target",
        "value",
        "_c",
        "$RefreshReg$"
      ],
      "ignoreList": [],
      "sources": [
        "/Users/oleksiisuprun/Desktop/Development/tenzies-warmup/src/Components/DifficultySelector.tsx"
      ],
      "file": "/Users/oleksiisuprun/Desktop/Development/tenzies-warmup/src/Components/DifficultySelector.tsx"
    },
    "_coverageSchema": "1a1c01bbd47fc00a2c39e90264f33305004495a9",
    "hash": "e94e7712bd5aa7e40e369c5e04d41c14c9eaf503"
  },
  "/Users/oleksiisuprun/Desktop/Development/tenzies-warmup/src/Components/RollDiceButton.tsx": {
    "path": "/Users/oleksiisuprun/Desktop/Development/tenzies-warmup/src/Components/RollDiceButton.tsx",
    "statementMap": {
      "0": {
        "start": {
          "line": 3,
          "column": 20
        },
        "end": {
          "line": 3,
          "column": 97
        }
      },
      "1": {
        "start": {
          "line": 6,
          "column": 0
        },
        "end": {
          "line": 16,
          "column": 1
        }
      },
      "2": {
        "start": {
          "line": 7,
          "column": 2
        },
        "end": {
          "line": 9,
          "column": 3
        }
      },
      "3": {
        "start": {
          "line": 8,
          "column": 4
        },
        "end": {
          "line": 8,
          "column": 165
        }
      },
      "4": {
        "start": {
          "line": 10,
          "column": 2
        },
        "end": {
          "line": 10,
          "column": 39
        }
      },
      "5": {
        "start": {
          "line": 11,
          "column": 2
        },
        "end": {
          "line": 11,
          "column": 39
        }
      },
      "6": {
        "start": {
          "line": 12,
          "column": 2
        },
        "end": {
          "line": 14,
          "column": 4
        }
      },
      "7": {
        "start": {
          "line": 13,
          "column": 4
        },
        "end": {
          "line": 13,
          "column": 133
        }
      },
      "8": {
        "start": {
          "line": 15,
          "column": 2
        },
        "end": {
          "line": 15,
          "column": 75
        }
      },
      "9": {
        "start": {
          "line": 17,
          "column": 23
        },
        "end": {
          "line": 36,
          "column": 1
        }
      },
      "10": {
        "start": {
          "line": 20,
          "column": 22
        },
        "end": {
          "line": 36,
          "column": 1
        }
      },
      "11": {
        "start": {
          "line": 37,
          "column": 0
        },
        "end": {
          "line": 37,
          "column": 20
        }
      },
      "12": {
        "start": {
          "line": 40,
          "column": 0
        },
        "end": {
          "line": 40,
          "column": 35
        }
      },
      "13": {
        "start": {
          "line": 41,
          "column": 0
        },
        "end": {
          "line": 54,
          "column": 1
        }
      },
      "14": {
        "start": {
          "line": 42,
          "column": 2
        },
        "end": {
          "line": 42,
          "column": 39
        }
      },
      "15": {
        "start": {
          "line": 43,
          "column": 2
        },
        "end": {
          "line": 43,
          "column": 39
        }
      },
      "16": {
        "start": {
          "line": 44,
          "column": 2
        },
        "end": {
          "line": 53,
          "column": 5
        }
      },
      "17": {
        "start": {
          "line": 45,
          "column": 4
        },
        "end": {
          "line": 45,
          "column": 159
        }
      },
      "18": {
        "start": {
          "line": 46,
          "column": 4
        },
        "end": {
          "line": 52,
          "column": 7
        }
      },
      "19": {
        "start": {
          "line": 47,
          "column": 6
        },
        "end": {
          "line": 48,
          "column": 15
        }
      },
      "20": {
        "start": {
          "line": 48,
          "column": 8
        },
        "end": {
          "line": 48,
          "column": 15
        }
      },
      "21": {
        "start": {
          "line": 49,
          "column": 32
        },
        "end": {
          "line": 49,
          "column": 115
        }
      },
      "22": {
        "start": {
          "line": 50,
          "column": 6
        },
        "end": {
          "line": 51,
          "column": 54
        }
      },
      "23": {
        "start": {
          "line": 51,
          "column": 8
        },
        "end": {
          "line": 51,
          "column": 54
        }
      }
    },
    "fnMap": {
      "0": {
        "name": "(anonymous_0)",
        "decl": {
          "start": {
            "line": 12,
            "column": 24
          },
          "end": {
            "line": 12,
            "column": 25
          }
        },
        "loc": {
          "start": {
            "line": 12,
            "column": 38
          },
          "end": {
            "line": 14,
            "column": 3
          }
        },
        "line": 12
      },
      "1": {
        "name": "(anonymous_1)",
        "decl": {
          "start": {
            "line": 17,
            "column": 23
          },
          "end": {
            "line": 17,
            "column": 24
          }
        },
        "loc": {
          "start": {
            "line": 20,
            "column": 22
          },
          "end": {
            "line": 36,
            "column": 1
          }
        },
        "line": 20
      },
      "2": {
        "name": "(anonymous_2)",
        "decl": {
          "start": {
            "line": 44,
            "column": 52
          },
          "end": {
            "line": 44,
            "column": 53
          }
[...]
            "start": {
              "line": 77,
              "column": 4
            },
            "end": {
              "line": 79,
              "column": 5
            }
          },
          {
            "start": {},
            "end": {}
          }
        ],
        "line": 77
      },
      "12": {
        "loc": {
          "start": {
            "line": 82,
            "column": 18
          },
          "end": {
            "line": 82,
            "column": 96
          }
        },
        "type": "binary-expr",
        "locations": [
          {
            "start": {
              "line": 82,
              "column": 18
            },
            "end": {
              "line": 82,
              "column": 77
            }
          },
          {
            "start": {
              "line": 82,
              "column": 81
            },
            "end": {
              "line": 82,
              "column": 96
            }
          }
        ],
        "line": 82
      },
      "13": {
        "loc": {
          "start": {
            "line": 85,
            "column": 4
          },
          "end": {
            "line": 100,
            "column": 5
          }
        },
        "type": "if",
        "locations": [
          {
            "start": {
              "line": 85,
              "column": 4
            },
            "end": {
              "line": 100,
              "column": 5
            }
          },
          {
            "start": {
              "line": 95,
              "column": 11
            },
            "end": {
              "line": 100,
              "column": 5
            }
          }
        ],
        "line": 85
      },
      "14": {
        "loc": {
          "start": {
            "line": 87,
            "column": 8
          },
          "end": {
            "line": 93,
            "column": 9
          }
        },
        "type": "if",
        "locations": [
          {
            "start": {
              "line": 87,
              "column": 8
            },
            "end": {
              "line": 93,
              "column": 9
            }
          },
          {
            "start": {
              "line": 91,
              "column": 15
            },
            "end": {
              "line": 93,
              "column": 9
            }
          }
        ],
        "line": 87
      },
      "15": {
        "loc": {
          "start": {
            "line": 106,
            "column": 8
          },
          "end": {
            "line": 111,
            "column": 9
          }
        },
        "type": "if",
        "locations": [
          {
            "start": {
              "line": 106,
              "column": 8
            },
            "end": {
              "line": 111,
              "column": 9
            }
          },
          {
            "start": {},
            "end": {}
          }
        ],
        "line": 106
      },
      "16": {
        "loc": {
          "start": {
            "line": 118,
            "column": 6
          },
          "end": {
            "line": 147,
            "column": 14
          }
        },
        "type": "binary-expr",
        "locations": [
          {
            "start": {
              "line": 118,
              "column": 6
            },
            "end": {
              "line": 118,
              "column": 19
            }
          },
          {
            "start": {
              "line": 118,
              "column": 23
            },
            "end": {
              "line": 118,
              "column": 33
            }
          },
          {
            "start": {
              "line": 118,
              "column": 53
            },
            "end": {
              "line": 147,
              "column": 14
            }
          }
        ],
        "line": 118
      },
      "17": {
        "loc": {
          "start": {
            "line": 148,
            "column": 6
          },
          "end": {
            "line": 163,
            "column": 7
          }
        },
        "type": "binary-expr",
        "locations": [
          {
            "start": {
              "line": 148,
              "column": 6
            },
            "end": {
              "line": 148,
              "column": 20
            }
          },
          {
            "start": {
              "line": 148,
              "column": 40
            },
            "end": {
              "line": 163,
              "column": 7
            }
          }
        ],
        "line": 148
      },
      "18": {
        "loc": {
          "start": {
            "line": 164,
            "column": 6
          },
          "end": {
            "line": 179,
            "column": 7
          }
        },
        "type": "binary-expr",
        "locations": [
          {
            "start": {
              "line": 164,
              "column": 6
            },
            "end": {
              "line": 164,
              "column": 15
            }
          },
          {
            "start": {
              "line": 164,
              "column": 35
            },
            "end": {
              "line": 179,
              "column": 7
            }
          }
        ],
        "line": 164
      },
      "19": {
        "loc": {
          "start": {
            "line": 185,
            "column": 4
          },
          "end": {
            "line": 189,
            "column": 12
          }
        },
        "type": "binary-expr",
        "locations": [
          {
            "start": {
              "line": 185,
              "column": 4
            },
            "end": {
              "line": 185,
              "column": 13
            }
          },
          {
            "start": {
              "line": 185,
              "column": 33
            },
            "end": {
              "line": 189,
              "column": 12
            }
          }
        ],
        "line": 185
      },
      "20": {
        "loc": {
          "start": {
            "line": 203,
            "column": 0
          },
          "end": {
            "line": 216,
            "column": 1
          }
        },
        "type": "if",
        "locations": [
          {
            "start": {
              "line": 203,
              "column": 0
            },
            "end": {
              "line": 216,
              "column": 1
            }
          },
          {
            "start": {},
            "end": {}
          }
        ],
        "line": 203
      },
      "21": {
        "loc": {
          "start": {
            "line": 203,
            "column": 4
          },
          "end": {
            "line": 203,
            "column": 35
          }
        },
        "type": "binary-expr",
        "locations": [
          {
            "start": {
              "line": 203,
              "column": 4
            },
            "end": {
              "line": 203,
              "column": 19
            }
          },
          {
            "start": {
              "line": 203,
              "column": 23
            },
            "end": {
              "line": 203,
              "column": 35
            }
          }
        ],
        "line": 203
      },
      "22": {
        "loc": {
          "start": {
            "line": 209,
            "column": 6
          },
          "end": {
            "line": 210,
            "column": 15
          }
        },
        "type": "if",
        "locations": [
          {
            "start": {
              "line": 209,
              "column": 6
            },
            "end": {
              "line": 210,
              "column": 15
            }
          },
          {
            "start": {},
            "end": {}
          }
        ],
        "line": 209
      },
      "23": {
        "loc": {
          "start": {
            "line": 212,
            "column": 6
          },
          "end": {
            "line": 213,
            "column": 54
          }
        },
        "type": "if",
        "locations": [
          {
            "start": {
              "line": 212,
              "column": 6
            },
            "end": {
              "line": 213,
              "column": 54
            }
          },
          {
            "start": {},
            "end": {}
          }
        ],
        "line": 212
      }
    },
    "s": {
      "0": 1,
      "1": 1,
      "2": 1,
      "3": 0,
      "4": 1,
      "5": 1,
      "6": 1,
      "7": 1,
      "8": 1,
      "9": 1,
      "10": 1,
      "11": 1,
      "12": 1,
      "13": 1,
      "14": 1,
      "15": 1,
      "16": 1,
      "17": 1,
      "18": 1,
      "19": 1,
      "20": 1,
      "21": 1,
      "22": 1,
      "23": 1,
      "24": 0,
      "25": 0,
      "26": 0,
      "27": 1,
      "28": 0,
      "29": 1,
      "30": 1,
      "31": 0,
      "32": 0,
      "33": 0,
      "34": 0,
      "35": 0,
      "36": 0,
      "37": 0,
      "38": 0,
      "39": 1,
      "40": 1,
      "41": 0,
      "42": 0,
      "43": 0,
      "44": 0,
      "45": 0,
      "46": 0,
      "47": 0,
      "48": 0,
      "49": 0,
      "50": 0,
      "51": 0,
      "52": 0,
      "53": 0,
      "54": 0,
      "55": 0,
      "56": 0,
      "57": 0,
      "58": 0,
      "59": 0,
      "60": 0,
      "61": 0,
      "62": 1,
      "63": 1,
      "64": 1,
      "65": 1,
      "66": 1,
      "67": 1,
      "68": 1,
      "69": 1,
      "70": 1,
      "71": 1,
      "72": 1,
      "73": 0,
      "74": 0,
      "75": 0,
      "76": 0,
      "77": 0
    },
    "f": {
      "0": 1,
      "1": 1,
      "2": 1,
      "3": 0,
      "4": 0,
      "5": 0,
      "6": 1,
      "7": 0,
      "8": 0,
      "9": 1,
      "10": 0,
      "11": 0,
      "12": 0,
      "13": 0,
      "14": 0,
      "15": 0,
      "16": 0,
      "17": 0,
      "18": 1,
      "19": 1,
      "20": 0
    },
    "b": {
      "0": [
        1,
        0
      ],
      "1": [
        1,
        0
      ],
      "2": [
        1,
        1
      ],
      "3": [
        0,
        1
      ],
      "4": [
        1,
        0,
        1
      ],
      "5": [
        0,
        1
      ],
      "6": [
        1,
        0
      ],
      "7": [
        0,
        1
      ],
      "8": [
        1,
        0
      ],
      "9": [
        0,
        0
      ],
      "10": [
        0,
        0
      ],
      "11": [
        0,
        1
      ],
      "12": [
        0,
        0
      ],
      "13": [
        0,
        0
      ],
      "14": [
        0,
        0
      ],
      "15": [
        0,
        0
      ],
      "16": [
        1,
        0,
        0
      ],
      "17": [
        1,
        1
      ],
      "18": [
        1,
        0
      ],
      "19": [
        1,
        0
      ],
      "20": [
        1,
        0
      ],
      "21": [
        1,
        1
      ],
      "22": [
        0,
        0
      ],
      "23": [
        0,
        0
      ]
    },
    "inputSourceMap": {
      "version": 3,
      "mappings": "AAqHU,mBACE,cADF;2BArHV;AAAmBA,oBAAiB,OAAO;AAAA;AAAA;AAAA;AAAA;AAAA;AAAA;AAAA;AAAA;AAAA;AAAA;AAAA;AAAA;AAAA;AAAA;AAAA;AAC3C,OAAOC,cAAc;AACrB,OAAOC,mBAAmB;AAC1B,SAASC,cAAc;AAEvB,SAASC,cAAcC,iBAAiBC,kBAAkBC,qBAAqB;AAE/E,OAAOC,qBAAqB;AAC5B,OAAOC,iBAAiB;AACxB,OAAOC,WAAW;AAElB,OAAOC,eAAe;AAEtB,MAAMC,MAAMA,MAAM;AAAAC,KAAA;AAChB,QAAMC,mBAAmB;AACzB,QAAMC,qBAAqBC,aAAaC,QAAQH,gBAAgB;AAEhE,QAAM,EAAEI,OAAOC,OAAO,IAAIjB,cAAc;AAExC,QAAM,CAACkB,YAAYC,aAAa,IAAIC,SAAyBlB,aAAa,CAAC,CAAC;AAE5E,QAAM,CAACmB,SAASC,UAAU,IAAIF,SAAiB,EAAE;AAEjD,QAAM,CAACG,WAAWC,UAAU,IAAIJ,SAAkB,KAAK;AACvD,QAAM,CAACK,eAAeC,cAAc,IAAIN,SAAkB,KAAK;AAE/D,QAAM,CAACO,aAAaC,cAAc,IAAIR;AAAAA,IACnCP,sBAAsBgB,KAAKC,MAAMjB,kBAAkB,KAAM;AAAA,EAC5D;AACA,QAAM,CAACkB,UAAUC,WAAW,IAAIZ,SAAiB,CAAC;AAClD,QAAM,CAACa,YAAYC,aAAa,IAAId,SAAiB,CAAC;AAEtDtB,YAAU,MAAM;AACd,QAAIqC;AACJ,QAAIV,iBAAiB,CAACF,WAAW;AAC/BY,kBAAYC,YAAY,MAAM;AAC5BJ,oBAAY,CAACK,iBAAiBA,eAAe,CAAC;AAAA,MAChD,GAAG,GAAI;AAAA,IACT;AACA,WAAO,MAAMC,cAAcH,SAAS;AAAA,EACtC,GAAG,CAACV,eAAeF,SAAS,CAAC;AAE7BzB,YAAU,MAAM;AACd,QAAI2B,iBAAiB,CAACF,WAAW;AAC/B,YAAMgB,gBAAgBlB,QAAQ,CAAC,GAAGmB;AAClC,YAAMC,iBAAiBpB,QAAQqB;AAAAA,QAC7B,CAACC,QAAQA,IAAIH,UAAUD,iBAAiBI,IAAIC,WAAW;AAAA,MACzD;AAEA,UAAIH,gBAAgB;AAClBb;AAAAA,UAAe,CAACiB,oBACdzC;AAAAA,YAAiB;AAAA,cACf;AAAA,gBACE0C,IAAI7C,OAAO;AAAA,gBACX8C,MAAMC,KAAKC,IAAI,EAAEC,SAAS;AAAA,gBAC1BC,iBAAiBjC,WAAWkC;AAAAA,gBAC5BrB;AAAAA,gBACAE;AAAAA,cACF;AAAA,cACA,GAAGY;AAAAA,YAAe;AAAA,UACnB;AAAA,QACH;AAEArB,mBAAW,IAAI;AACfL,sBAAcjB,aAAa,CAAC,CAAC;AAAA,MAC/B;AAAA,IACF;AAAA,EACF,GAAG,CAACmB,SAASH,WAAWkC,OAAOnB,YAAYF,UAAUN,eAAeF,SAAS,CAAC;AAE9EzB,YAAU,MAAM;AACd,QAAIyB,WAAW;AACbT,mBAAauC,QAAQzC,kBAAkBiB,KAAKyB,UAAU3B,WAAW,CAAC;AAAA,IACpE;AAAA,EACF,GAAG,CAACA,aAAaJ,SAAS,CAAC;AAE3B,WAASgC,kBAAkBJ,iBAAiB;AAC1ChC,kBAAcjB,aAAasD,KAAK,CAACC,SAASA,KAAKL,UAAUD,eAAe,KAAKjD,aAAa,CAAC,CAAC;AAAA,EAC9F;AAEA,WAASwD,mBAAmB;AAC1B,QAAIjC,eAAe;AACjBH,iBAAW,CAACqC,gBAAgB;AAC1B,YAAIpC,WAAW;AACbC,qBAAW,KAAK;AAChBE,yBAAe,KAAK;AACpB,iBAAO;AAAA,QACT,OAAO;AACL,iBAAOvB,gBAAgBwD,WAAW;AAAA,QACpC;AAAA,MACF,CAAC;AAAA,IACH,OAAO;AACLjC,qBAAe,IAAI;AACnBM,kBAAY,CAAC;AACbE,oBAAc,CAAC;AACfZ,iBAAWjB,cAAca,WAAWsB,KAAK,CAAC;AAAA,IAC5C;AAAA,EACF;AAEA,WAASoB,eAAed,IAAI;AAC1BZ,kBAAc,CAAC2B,eAAeA,aAAa,CAAC;AAC5CvC;AAAAA,MAAW,CAACqC,gBACVA,YAAYG,IAAI,CAACnB,QAAQ;AACvB,YAAIA,IAAIG,OAAOA,IAAI;AACjB,iBAAO;AAAA,YACL,GAAGH;AAAAA,YACHC,QAAQ,CAACD,IAAIC;AAAAA,UACf;AAAA,QACF;AACA,eAAOD;AAAAA,MACT,CAAC;AAAA,IACH;AAAA,EACF;AAEA,SACE,uBAAC,SAAI,WAAU,4CACb;AAAA,2BAAC,aAAQ,WAAU,mMAChBlB;AAAAA,uBAAiB,CAACF,aACjB,mCACE;AAAA,+BAAC,aAAU,OAAOQ,YAAlB;AAAA;AAAA;AAAA;AAAA,eAA2B;AAAA,QAC3B;AAAA,UAAC;AAAA;AAAA,YACC;AAAA,YACA;AAAA,YACA;AAAA,YACA;AAAA,YACA;AAAA,YACA;AAAA;AAAA,UANF;AAAA;AAAA;AAAA;AAAA;AAAA;AAAA;AAAA;AAAA,QAMqC;AAAA,WARvC;AAAA;AAAA;AAAA;AAAA,aAUA;AAAA,MAED,CAACN,iBACA;AAAA,QAAC;AAAA;AAAA,UACC,SAASE;AAAAA,UACT;AAAA,UACA,cAAc+B;AAAAA;AAAAA,QAHhB;AAAA;AAAA;AAAA;AAAA;AAAA;AAAA;AAAA;AAAA,MAGiC;AAAA,MAGlCnC,aACC;AAAA,QAAC;AAAA;AAAA,UACC,WAAWQ;AAAAA,UACX,aAAaE;AAAAA,UACb,gBAAgByB;AAAAA;AAAAA,QAHlB;AAAA;AAAA;AAAA;AAAA;AAAA;AAAA;AAAA;AAAA,MAGmC;AAAA,SAzBvC;AAAA;AAAA;AAAA;AAAA,WA4BA;AAAA,IACCnC,aAAa,uBAAC,YAAS,OAAc,UAAxB;AAAA;AAAA;AAAA;AAAA,WAAuC;AAAA,OA9BvD;AAAA;AAAA;AAAA;AAAA,SA+BA;AAEJ;AAAEZ,GAtIID,KAAG;AAAA,UAImBV,aAAa;AAAA;AAAA+D,KAJnCrD;AAuIN,eAAeA;AAAI,IAAAqD;AAAAC,aAAAD,IAAA",
      "names": [
        "useEffect",
        "Confetti",
        "useWindowSize",
        "nanoid",
        "Difficulties",
        "diceHoldHandler",
        "filterRecordsASC",
        "setNewDiceSet",
        "GameDescription",
        "GameResults",
        "Board",
        "GameTimer",
        "App",
        "_s",
        "STORAGE_VARIABLE",
        "recordsFromStorage",
        "localStorage",
        "getItem",
        "width",
        "height",
        "difficulty",
        "setDifficulty",
        "useState",
        "allDice",
        "setAllDice",
        "isGameWon",
        "setGameWon",
        "isGameStarted",
        "setGameStarted",
        "recordsList",
        "setRecordsList",
        "JSON",
        "parse",
        "gameTime",
        "setGameTime",
        "gameClicks",
        "setGameClicks",
        "gameTimer",
        "setInterval",
        "prevGameTime",
        "clearInterval",
        "firstDieValue",
        "value",
        "isAllDiceEqual",
        "every",
        "die",
        "isHeld",
        "prevRecordsList",
        "id",
        "date",
        "Date",
        "now",
        "toString",
        "difficultyLabel",
        "label",
        "setItem",
        "stringify",
        "difficultyHandler",
        "find",
        "item",
        "rollDicesHandler",
        "prevAllDice",
        "holdDieHandler",
        "prevClicks",
        "map",
        "_c",
        "$RefreshReg$"
      ],
      "ignoreList": [],
      "sources": [
        "/Users/oleksiisuprun/Desktop/Development/tenzies-warmup/src/Components/index.tsx"
      ],
      "file": "/Users/oleksiisuprun/Desktop/Development/tenzies-warmup/src/Components/index.tsx"
    },
    "_coverageSchema": "1a1c01bbd47fc00a2c39e90264f33305004495a9",
    "hash": "63deed9cef51a7e65307a1167c63ff9fbbcc60f5"
  },
  "/Users/oleksiisuprun/Desktop/Development/tenzies-warmup/src/App.tsx": {
    "path": "/Users/oleksiisuprun/Desktop/Development/tenzies-warmup/src/App.tsx",
    "statementMap": {
      "0": {
        "start": {
          "line": 4,
          "column": 18
        },
        "end": {
          "line": 4,
          "column": 49
        }
      },
      "1": {
        "start": {
          "line": 5,
          "column": 13
        },
        "end": {
          "line": 5,
          "column": 34
        }
      },
      "2": {
        "start": {
          "line": 6,
          "column": 0
        },
        "end": {
          "line": 10,
          "column": 10
        }
      }
    },
    "fnMap": {},
    "branchMap": {},
    "s": {
      "0": 1,
      "1": 1,
      "2": 1
    },
    "f": {},
    "b": {},
    "inputSourceMap": {
      "version": 3,
      "mappings": "AAKY;AALZ,SAASA,kBAAkB;AAC3B,OAAOC,SAAS;AAEhB,MAAMC,YAAYC,SAASC,eAAe,MAAM;AAChD,MAAMC,OAAOL,WAAWE,SAAU;AAClCG,KAAKC,OAAO,uBAAC,SAAD;AAAA;AAAA;AAAA;AAAA,OAAI,CAAG",
      "names": [
        "createRoot",
        "App",
        "container",
        "document",
        "getElementById",
        "root",
        "render"
      ],
      "ignoreList": [],
      "sources": [
        "/Users/oleksiisuprun/Desktop/Development/tenzies-warmup/src/App.tsx"
      ],
      "file": "/Users/oleksiisuprun/Desktop/Development/tenzies-warmup/src/App.tsx"
    },
    "_coverageSchema": "1a1c01bbd47fc00a2c39e90264f33305004495a9",
    "hash": "0a5e1e4fbc83d1b8a6eec6ed6a8d57576bd06192"
  },
  "/Users/oleksiisuprun/Desktop/Development/tenzies-warmup/src/types.d.ts": {
    "path": "/Users/oleksiisuprun/Desktop/Development/tenzies-warmup/src/types.d.ts",
    "statementMap": {},
    "fnMap": {},
    "branchMap": {},
    "s": {},
    "f": {},
    "b": {}
  },
  "/Users/oleksiisuprun/Desktop/Development/tenzies-warmup/src/utils/index.test.ts": {
    "path": "/Users/oleksiisuprun/Desktop/Development/tenzies-warmup/src/utils/index.test.ts",
    "statementMap": {},
    "fnMap": {},
    "branchMap": {},
    "s": {},
    "f": {},
    "b": {}
  },
  "/Users/oleksiisuprun/Desktop/Development/tenzies-warmup/src/Components/__tests__/DifficultySelector.test.tsx": {
    "path": "/Users/oleksiisuprun/Desktop/Development/tenzies-warmup/src/Components/__tests__/DifficultySelector.test.tsx",
    "statementMap": {},
    "fnMap": {},
    "branchMap": {},
    "s": {},
    "f": {},
    "b": {}
  },
  "/Users/oleksiisuprun/Desktop/Development/tenzies-warmup/src/Components/__tests__/index.test.tsx": {
    "path": "/Users/oleksiisuprun/Desktop/Development/tenzies-warmup/src/Components/__tests__/index.test.tsx",
    "statementMap": {},
    "fnMap": {},
    "branchMap": {},
    "s": {},
    "f": {},
    "b": {}
  },
  "/Users/oleksiisuprun/Desktop/Development/tenzies-warmup/src/Components/screens/__tests__/Board.test.tsx": {
    "path": "/Users/oleksiisuprun/Desktop/Development/tenzies-warmup/src/Components/screens/__tests__/Board.test.tsx",
    "statementMap": {},
    "fnMap": {},
    "branchMap": {},
    "s": {},
    "f": {},
    "b": {}
  },
  "/Users/oleksiisuprun/Desktop/Development/tenzies-warmup/src/Components/screens/__tests__/GameDescription.test.tsx": {
    "path": "/Users/oleksiisuprun/Desktop/Development/tenzies-warmup/src/Components/screens/__tests__/GameDescription.test.tsx",
    "statementMap": {},
    "fnMap": {},
    "branchMap": {},
    "s": {},
    "f": {},
    "b": {}
  },
  "/Users/oleksiisuprun/Desktop/Development/tenzies-warmup/src/Components/screens/__tests__/GameResults.test.tsx": {
    "path": "/Users/oleksiisuprun/Desktop/Development/tenzies-warmup/src/Components/screens/__tests__/GameResults.test.tsx",
    "statementMap": {},
    "fnMap": {},
    "branchMap": {},
    "s": {},
    "f": {},
    "b": {}
  }
}
